2025-07-07 14:42:01 [main] INFO  c.e.s.StudentManagementApplication - Starting StudentManagementApplication using Java 18.0.1 on C-NJ-0303-0583deMacBook-Pro.local with PID 38493 (/Users/yuanjing/Desktop/Java_TODO/target/classes started by yuanjing in /Users/yuanjing/Desktop/Java_TODO)
2025-07-07 14:42:01 [main] DEBUG c.e.s.StudentManagementApplication - Running with Spring Boot v2.7.14, Spring v5.3.29
2025-07-07 14:42:01 [main] INFO  c.e.s.StudentManagementApplication - No active profile set, falling back to 1 default profile: "default"
2025-07-07 14:42:01 [main] INFO  o.s.d.r.c.RepositoryConfigurationDelegate - Bootstrapping Spring Data JPA repositories in DEFAULT mode.
2025-07-07 14:42:01 [main] INFO  o.s.d.r.c.RepositoryConfigurationDelegate - Finished Spring Data repository scanning in 11 ms. Found 1 JPA repository interfaces.
2025-07-07 14:42:01 [main] INFO  o.s.b.w.e.tomcat.TomcatWebServer - Tomcat initialized with port(s): 8080 (http)
2025-07-07 14:42:01 [main] INFO  o.a.catalina.core.StandardService - Starting service [Tomcat]
2025-07-07 14:42:01 [main] INFO  o.a.catalina.core.StandardEngine - Starting Servlet engine: [Apache Tomcat/9.0.78]
2025-07-07 14:42:01 [main] INFO  o.a.c.c.C.[Tomcat].[localhost].[/] - Initializing Spring embedded WebApplicationContext
2025-07-07 14:42:01 [main] INFO  o.s.b.w.s.c.ServletWebServerApplicationContext - Root WebApplicationContext: initialization completed in 378 ms
2025-07-07 14:42:01 [main] INFO  com.zaxxer.hikari.HikariDataSource - HikariPool-1 - Starting...
2025-07-07 14:42:01 [main] INFO  com.zaxxer.hikari.HikariDataSource - HikariPool-1 - Start completed.
2025-07-07 14:42:01 [main] INFO  o.s.b.a.h.H2ConsoleAutoConfiguration - H2 console available at '/h2-console'. Database available at 'jdbc:h2:mem:studentdb'
2025-07-07 14:42:01 [main] WARN  o.s.b.w.s.c.AnnotationConfigServletWebServerApplicationContext - Exception encountered during context initialization - cancelling refresh attempt: org.springframework.beans.factory.BeanCreationException: Error creating bean with name 'dataSourceScriptDatabaseInitializer' defined in class path resource [org/springframework/boot/autoconfigure/sql/init/DataSourceInitializationConfiguration.class]: Invocation of init method failed; nested exception is org.springframework.jdbc.datasource.init.ScriptStatementFailedException: Failed to execute SQL script statement #1 of URL [file:/Users/yuanjing/Desktop/Java_TODO/target/classes/data.sql]: INSERT INTO students (name, student_number, age, gender, major, email, phone, enrollment_date, created_time, updated_time) VALUES ('张三', '20210001', 20, '男', '计算机科学与技术', 'zhangsan@example.com', '13800138001', '2021-09-01', CURRENT_TIMESTAMP, CURRENT_TIMESTAMP), ('李四', '20210002', 19, '女', '软件工程', 'lisi@example.com', '13800138002', '2021-09-01', CURRENT_TIMESTAMP, CURRENT_TIMESTAMP), ('王五', '20210003', 21, '男', '信息安全', 'wangwu@example.com', '13800138003', '2021-09-01', CURRENT_TIMESTAMP, CURRENT_TIMESTAMP), ('赵六', '20210004', 20, '女', '数据科学与大数据技术', 'zhaoliu@example.com', '13800138004', '2021-09-01', CURRENT_TIMESTAMP, CURRENT_TIMESTAMP), ('钱七', '20210005', 22, '男', '人工智能', 'qianqi@example.com', '13800138005', '2021-09-01', CURRENT_TIMESTAMP, CURRENT_TIMESTAMP), ('孙八', '20210006', 19, '女', '计算机科学与技术', 'sunba@example.com', '13800138006', '2021-09-01', CURRENT_TIMESTAMP, CURRENT_TIMESTAMP), ('周九', '20210007', 21, '男', '软件工程', 'zhoujiu@example.com', '13800138007', '2021-09-01', CURRENT_TIMESTAMP, CURRENT_TIMESTAMP), ('吴十', '20210008', 20, '女', '信息安全', 'wushi@example.com', '13800138008', '2021-09-01', CURRENT_TIMESTAMP, CURRENT_TIMESTAMP), ('郑十一', '20210009', 23, '男', '数据科学与大数据技术', 'zhengshiyi@example.com', '13800138009', '2021-09-01', CURRENT_TIMESTAMP, CURRENT_TIMESTAMP), ('王十二', '20210010', 19, '女', '人工智能', 'wangshier@example.com', '13800138010', '2021-09-01', CURRENT_TIMESTAMP, CURRENT_TIMESTAMP), ('刘明', '20220001', 18, '男', '计算机科学与技术', 'liuming@example.com', '13900139001', '2022-09-01', CURRENT_TIMESTAMP, CURRENT_TIMESTAMP), ('陈红', '20220002', 19, '女', '软件工程', 'chenhong@example.com', '13900139002', '2022-09-01', CURRENT_TIMESTAMP, CURRENT_TIMESTAMP), ('杨强', '20220003', 20, '男', '信息安全', 'yangqiang@example.com', '13900139003', '2022-09-01', CURRENT_TIMESTAMP, CURRENT_TIMESTAMP), ('黄丽', '20220004', 18, '女', '数据科学与大数据技术', 'huangli@example.com', '13900139004', '2022-09-01', CURRENT_TIMESTAMP, CURRENT_TIMESTAMP), ('林峰', '20220005', 21, '男', '人工智能', 'linfeng@example.com', '13900139005', '2022-09-01', CURRENT_TIMESTAMP, CURRENT_TIMESTAMP); nested exception is org.h2.jdbc.JdbcSQLSyntaxErrorException: Table "STUDENTS" not found (this database is empty); SQL statement:
INSERT INTO students (name, student_number, age, gender, major, email, phone, enrollment_date, created_time, updated_time) VALUES ('张三', '20210001', 20, '男', '计算机科学与技术', 'zhangsan@example.com', '13800138001', '2021-09-01', CURRENT_TIMESTAMP, CURRENT_TIMESTAMP), ('李四', '20210002', 19, '女', '软件工程', 'lisi@example.com', '13800138002', '2021-09-01', CURRENT_TIMESTAMP, CURRENT_TIMESTAMP), ('王五', '20210003', 21, '男', '信息安全', 'wangwu@example.com', '13800138003', '2021-09-01', CURRENT_TIMESTAMP, CURRENT_TIMESTAMP), ('赵六', '20210004', 20, '女', '数据科学与大数据技术', 'zhaoliu@example.com', '13800138004', '2021-09-01', CURRENT_TIMESTAMP, CURRENT_TIMESTAMP), ('钱七', '20210005', 22, '男', '人工智能', 'qianqi@example.com', '13800138005', '2021-09-01', CURRENT_TIMESTAMP, CURRENT_TIMESTAMP), ('孙八', '20210006', 19, '女', '计算机科学与技术', 'sunba@example.com', '13800138006', '2021-09-01', CURRENT_TIMESTAMP, CURRENT_TIMESTAMP), ('周九', '20210007', 21, '男', '软件工程', 'zhoujiu@example.com', '13800138007', '2021-09-01', CURRENT_TIMESTAMP, CURRENT_TIMESTAMP), ('吴十', '20210008', 20, '女', '信息安全', 'wushi@example.com', '13800138008', '2021-09-01', CURRENT_TIMESTAMP, CURRENT_TIMESTAMP), ('郑十一', '20210009', 23, '男', '数据科学与大数据技术', 'zhengshiyi@example.com', '13800138009', '2021-09-01', CURRENT_TIMESTAMP, CURRENT_TIMESTAMP), ('王十二', '20210010', 19, '女', '人工智能', 'wangshier@example.com', '13800138010', '2021-09-01', CURRENT_TIMESTAMP, CURRENT_TIMESTAMP), ('刘明', '20220001', 18, '男', '计算机科学与技术', 'liuming@example.com', '13900139001', '2022-09-01', CURRENT_TIMESTAMP, CURRENT_TIMESTAMP), ('陈红', '20220002', 19, '女', '软件工程', 'chenhong@example.com', '13900139002', '2022-09-01', CURRENT_TIMESTAMP, CURRENT_TIMESTAMP), ('杨强', '20220003', 20, '男', '信息安全', 'yangqiang@example.com', '13900139003', '2022-09-01', CURRENT_TIMESTAMP, CURRENT_TIMESTAMP), ('黄丽', '20220004', 18, '女', '数据科学与大数据技术', 'huangli@example.com', '13900139004', '2022-09-01', CURRENT_TIMESTAMP, CURRENT_TIMESTAMP), ('林峰', '20220005', 21, '男', '人工智能', 'linfeng@example.com', '13900139005', '2022-09-01', CURRENT_TIMESTAMP, CURRENT_TIMESTAMP) [42104-214]
2025-07-07 14:42:01 [main] INFO  com.zaxxer.hikari.HikariDataSource - HikariPool-1 - Shutdown initiated...
2025-07-07 14:42:01 [main] INFO  com.zaxxer.hikari.HikariDataSource - HikariPool-1 - Shutdown completed.
2025-07-07 14:42:01 [main] INFO  o.a.catalina.core.StandardService - Stopping service [Tomcat]
2025-07-07 14:42:01 [main] INFO  o.s.b.a.l.ConditionEvaluationReportLoggingListener - 

Error starting ApplicationContext. To display the conditions report re-run your application with 'debug' enabled.
2025-07-07 14:42:01 [main] ERROR o.s.boot.SpringApplication - Application run failed
org.springframework.beans.factory.BeanCreationException: Error creating bean with name 'dataSourceScriptDatabaseInitializer' defined in class path resource [org/springframework/boot/autoconfigure/sql/init/DataSourceInitializationConfiguration.class]: Invocation of init method failed; nested exception is org.springframework.jdbc.datasource.init.ScriptStatementFailedException: Failed to execute SQL script statement #1 of URL [file:/Users/yuanjing/Desktop/Java_TODO/target/classes/data.sql]: INSERT INTO students (name, student_number, age, gender, major, email, phone, enrollment_date, created_time, updated_time) VALUES ('张三', '20210001', 20, '男', '计算机科学与技术', 'zhangsan@example.com', '13800138001', '2021-09-01', CURRENT_TIMESTAMP, CURRENT_TIMESTAMP), ('李四', '20210002', 19, '女', '软件工程', 'lisi@example.com', '13800138002', '2021-09-01', CURRENT_TIMESTAMP, CURRENT_TIMESTAMP), ('王五', '20210003', 21, '男', '信息安全', 'wangwu@example.com', '13800138003', '2021-09-01', CURRENT_TIMESTAMP, CURRENT_TIMESTAMP), ('赵六', '20210004', 20, '女', '数据科学与大数据技术', 'zhaoliu@example.com', '13800138004', '2021-09-01', CURRENT_TIMESTAMP, CURRENT_TIMESTAMP), ('钱七', '20210005', 22, '男', '人工智能', 'qianqi@example.com', '13800138005', '2021-09-01', CURRENT_TIMESTAMP, CURRENT_TIMESTAMP), ('孙八', '20210006', 19, '女', '计算机科学与技术', 'sunba@example.com', '13800138006', '2021-09-01', CURRENT_TIMESTAMP, CURRENT_TIMESTAMP), ('周九', '20210007', 21, '男', '软件工程', 'zhoujiu@example.com', '13800138007', '2021-09-01', CURRENT_TIMESTAMP, CURRENT_TIMESTAMP), ('吴十', '20210008', 20, '女', '信息安全', 'wushi@example.com', '13800138008', '2021-09-01', CURRENT_TIMESTAMP, CURRENT_TIMESTAMP), ('郑十一', '20210009', 23, '男', '数据科学与大数据技术', 'zhengshiyi@example.com', '13800138009', '2021-09-01', CURRENT_TIMESTAMP, CURRENT_TIMESTAMP), ('王十二', '20210010', 19, '女', '人工智能', 'wangshier@example.com', '13800138010', '2021-09-01', CURRENT_TIMESTAMP, CURRENT_TIMESTAMP), ('刘明', '20220001', 18, '男', '计算机科学与技术', 'liuming@example.com', '13900139001', '2022-09-01', CURRENT_TIMESTAMP, CURRENT_TIMESTAMP), ('陈红', '20220002', 19, '女', '软件工程', 'chenhong@example.com', '13900139002', '2022-09-01', CURRENT_TIMESTAMP, CURRENT_TIMESTAMP), ('杨强', '20220003', 20, '男', '信息安全', 'yangqiang@example.com', '13900139003', '2022-09-01', CURRENT_TIMESTAMP, CURRENT_TIMESTAMP), ('黄丽', '20220004', 18, '女', '数据科学与大数据技术', 'huangli@example.com', '13900139004', '2022-09-01', CURRENT_TIMESTAMP, CURRENT_TIMESTAMP), ('林峰', '20220005', 21, '男', '人工智能', 'linfeng@example.com', '13900139005', '2022-09-01', CURRENT_TIMESTAMP, CURRENT_TIMESTAMP); nested exception is org.h2.jdbc.JdbcSQLSyntaxErrorException: Table "STUDENTS" not found (this database is empty); SQL statement:
INSERT INTO students (name, student_number, age, gender, major, email, phone, enrollment_date, created_time, updated_time) VALUES ('张三', '20210001', 20, '男', '计算机科学与技术', 'zhangsan@example.com', '13800138001', '2021-09-01', CURRENT_TIMESTAMP, CURRENT_TIMESTAMP), ('李四', '20210002', 19, '女', '软件工程', 'lisi@example.com', '13800138002', '2021-09-01', CURRENT_TIMESTAMP, CURRENT_TIMESTAMP), ('王五', '20210003', 21, '男', '信息安全', 'wangwu@example.com', '13800138003', '2021-09-01', CURRENT_TIMESTAMP, CURRENT_TIMESTAMP), ('赵六', '20210004', 20, '女', '数据科学与大数据技术', 'zhaoliu@example.com', '13800138004', '2021-09-01', CURRENT_TIMESTAMP, CURRENT_TIMESTAMP), ('钱七', '20210005', 22, '男', '人工智能', 'qianqi@example.com', '13800138005', '2021-09-01', CURRENT_TIMESTAMP, CURRENT_TIMESTAMP), ('孙八', '20210006', 19, '女', '计算机科学与技术', 'sunba@example.com', '13800138006', '2021-09-01', CURRENT_TIMESTAMP, CURRENT_TIMESTAMP), ('周九', '20210007', 21, '男', '软件工程', 'zhoujiu@example.com', '13800138007', '2021-09-01', CURRENT_TIMESTAMP, CURRENT_TIMESTAMP), ('吴十', '20210008', 20, '女', '信息安全', 'wushi@example.com', '13800138008', '2021-09-01', CURRENT_TIMESTAMP, CURRENT_TIMESTAMP), ('郑十一', '20210009', 23, '男', '数据科学与大数据技术', 'zhengshiyi@example.com', '13800138009', '2021-09-01', CURRENT_TIMESTAMP, CURRENT_TIMESTAMP), ('王十二', '20210010', 19, '女', '人工智能', 'wangshier@example.com', '13800138010', '2021-09-01', CURRENT_TIMESTAMP, CURRENT_TIMESTAMP), ('刘明', '20220001', 18, '男', '计算机科学与技术', 'liuming@example.com', '13900139001', '2022-09-01', CURRENT_TIMESTAMP, CURRENT_TIMESTAMP), ('陈红', '20220002', 19, '女', '软件工程', 'chenhong@example.com', '13900139002', '2022-09-01', CURRENT_TIMESTAMP, CURRENT_TIMESTAMP), ('杨强', '20220003', 20, '男', '信息安全', 'yangqiang@example.com', '13900139003', '2022-09-01', CURRENT_TIMESTAMP, CURRENT_TIMESTAMP), ('黄丽', '20220004', 18, '女', '数据科学与大数据技术', 'huangli@example.com', '13900139004', '2022-09-01', CURRENT_TIMESTAMP, CURRENT_TIMESTAMP), ('林峰', '20220005', 21, '男', '人工智能', 'linfeng@example.com', '13900139005', '2022-09-01', CURRENT_TIMESTAMP, CURRENT_TIMESTAMP) [42104-214]
	at org.springframework.beans.factory.support.AbstractAutowireCapableBeanFactory.initializeBean(AbstractAutowireCapableBeanFactory.java:1804)
	at org.springframework.beans.factory.support.AbstractAutowireCapableBeanFactory.doCreateBean(AbstractAutowireCapableBeanFactory.java:620)
	at org.springframework.beans.factory.support.AbstractAutowireCapableBeanFactory.createBean(AbstractAutowireCapableBeanFactory.java:542)
	at org.springframework.beans.factory.support.AbstractBeanFactory.lambda$doGetBean$0(AbstractBeanFactory.java:335)
	at org.springframework.beans.factory.support.DefaultSingletonBeanRegistry.getSingleton(DefaultSingletonBeanRegistry.java:234)
	at org.springframework.beans.factory.support.AbstractBeanFactory.doGetBean(AbstractBeanFactory.java:333)
	at org.springframework.beans.factory.support.AbstractBeanFactory.getBean(AbstractBeanFactory.java:208)
	at org.springframework.beans.factory.support.AbstractBeanFactory.doGetBean(AbstractBeanFactory.java:322)
	at org.springframework.beans.factory.support.AbstractBeanFactory.getBean(AbstractBeanFactory.java:208)
	at org.springframework.context.support.AbstractApplicationContext.getBean(AbstractApplicationContext.java:1157)
	at org.springframework.context.support.AbstractApplicationContext.finishBeanFactoryInitialization(AbstractApplicationContext.java:911)
	at org.springframework.context.support.AbstractApplicationContext.refresh(AbstractApplicationContext.java:583)
	at org.springframework.boot.web.servlet.context.ServletWebServerApplicationContext.refresh(ServletWebServerApplicationContext.java:147)
	at org.springframework.boot.SpringApplication.refresh(SpringApplication.java:731)
	at org.springframework.boot.SpringApplication.refreshContext(SpringApplication.java:408)
	at org.springframework.boot.SpringApplication.run(SpringApplication.java:307)
	at org.springframework.boot.SpringApplication.run(SpringApplication.java:1303)
	at org.springframework.boot.SpringApplication.run(SpringApplication.java:1292)
	at com.example.studentmanagement.StudentManagementApplication.main(StudentManagementApplication.java:16)
Caused by: org.springframework.jdbc.datasource.init.ScriptStatementFailedException: Failed to execute SQL script statement #1 of URL [file:/Users/yuanjing/Desktop/Java_TODO/target/classes/data.sql]: INSERT INTO students (name, student_number, age, gender, major, email, phone, enrollment_date, created_time, updated_time) VALUES ('张三', '20210001', 20, '男', '计算机科学与技术', 'zhangsan@example.com', '13800138001', '2021-09-01', CURRENT_TIMESTAMP, CURRENT_TIMESTAMP), ('李四', '20210002', 19, '女', '软件工程', 'lisi@example.com', '13800138002', '2021-09-01', CURRENT_TIMESTAMP, CURRENT_TIMESTAMP), ('王五', '20210003', 21, '男', '信息安全', 'wangwu@example.com', '13800138003', '2021-09-01', CURRENT_TIMESTAMP, CURRENT_TIMESTAMP), ('赵六', '20210004', 20, '女', '数据科学与大数据技术', 'zhaoliu@example.com', '13800138004', '2021-09-01', CURRENT_TIMESTAMP, CURRENT_TIMESTAMP), ('钱七', '20210005', 22, '男', '人工智能', 'qianqi@example.com', '13800138005', '2021-09-01', CURRENT_TIMESTAMP, CURRENT_TIMESTAMP), ('孙八', '20210006', 19, '女', '计算机科学与技术', 'sunba@example.com', '13800138006', '2021-09-01', CURRENT_TIMESTAMP, CURRENT_TIMESTAMP), ('周九', '20210007', 21, '男', '软件工程', 'zhoujiu@example.com', '13800138007', '2021-09-01', CURRENT_TIMESTAMP, CURRENT_TIMESTAMP), ('吴十', '20210008', 20, '女', '信息安全', 'wushi@example.com', '13800138008', '2021-09-01', CURRENT_TIMESTAMP, CURRENT_TIMESTAMP), ('郑十一', '20210009', 23, '男', '数据科学与大数据技术', 'zhengshiyi@example.com', '13800138009', '2021-09-01', CURRENT_TIMESTAMP, CURRENT_TIMESTAMP), ('王十二', '20210010', 19, '女', '人工智能', 'wangshier@example.com', '13800138010', '2021-09-01', CURRENT_TIMESTAMP, CURRENT_TIMESTAMP), ('刘明', '20220001', 18, '男', '计算机科学与技术', 'liuming@example.com', '13900139001', '2022-09-01', CURRENT_TIMESTAMP, CURRENT_TIMESTAMP), ('陈红', '20220002', 19, '女', '软件工程', 'chenhong@example.com', '13900139002', '2022-09-01', CURRENT_TIMESTAMP, CURRENT_TIMESTAMP), ('杨强', '20220003', 20, '男', '信息安全', 'yangqiang@example.com', '13900139003', '2022-09-01', CURRENT_TIMESTAMP, CURRENT_TIMESTAMP), ('黄丽', '20220004', 18, '女', '数据科学与大数据技术', 'huangli@example.com', '13900139004', '2022-09-01', CURRENT_TIMESTAMP, CURRENT_TIMESTAMP), ('林峰', '20220005', 21, '男', '人工智能', 'linfeng@example.com', '13900139005', '2022-09-01', CURRENT_TIMESTAMP, CURRENT_TIMESTAMP); nested exception is org.h2.jdbc.JdbcSQLSyntaxErrorException: Table "STUDENTS" not found (this database is empty); SQL statement:
INSERT INTO students (name, student_number, age, gender, major, email, phone, enrollment_date, created_time, updated_time) VALUES ('张三', '20210001', 20, '男', '计算机科学与技术', 'zhangsan@example.com', '13800138001', '2021-09-01', CURRENT_TIMESTAMP, CURRENT_TIMESTAMP), ('李四', '20210002', 19, '女', '软件工程', 'lisi@example.com', '13800138002', '2021-09-01', CURRENT_TIMESTAMP, CURRENT_TIMESTAMP), ('王五', '20210003', 21, '男', '信息安全', 'wangwu@example.com', '13800138003', '2021-09-01', CURRENT_TIMESTAMP, CURRENT_TIMESTAMP), ('赵六', '20210004', 20, '女', '数据科学与大数据技术', 'zhaoliu@example.com', '13800138004', '2021-09-01', CURRENT_TIMESTAMP, CURRENT_TIMESTAMP), ('钱七', '20210005', 22, '男', '人工智能', 'qianqi@example.com', '13800138005', '2021-09-01', CURRENT_TIMESTAMP, CURRENT_TIMESTAMP), ('孙八', '20210006', 19, '女', '计算机科学与技术', 'sunba@example.com', '13800138006', '2021-09-01', CURRENT_TIMESTAMP, CURRENT_TIMESTAMP), ('周九', '20210007', 21, '男', '软件工程', 'zhoujiu@example.com', '13800138007', '2021-09-01', CURRENT_TIMESTAMP, CURRENT_TIMESTAMP), ('吴十', '20210008', 20, '女', '信息安全', 'wushi@example.com', '13800138008', '2021-09-01', CURRENT_TIMESTAMP, CURRENT_TIMESTAMP), ('郑十一', '20210009', 23, '男', '数据科学与大数据技术', 'zhengshiyi@example.com', '13800138009', '2021-09-01', CURRENT_TIMESTAMP, CURRENT_TIMESTAMP), ('王十二', '20210010', 19, '女', '人工智能', 'wangshier@example.com', '13800138010', '2021-09-01', CURRENT_TIMESTAMP, CURRENT_TIMESTAMP), ('刘明', '20220001', 18, '男', '计算机科学与技术', 'liuming@example.com', '13900139001', '2022-09-01', CURRENT_TIMESTAMP, CURRENT_TIMESTAMP), ('陈红', '20220002', 19, '女', '软件工程', 'chenhong@example.com', '13900139002', '2022-09-01', CURRENT_TIMESTAMP, CURRENT_TIMESTAMP), ('杨强', '20220003', 20, '男', '信息安全', 'yangqiang@example.com', '13900139003', '2022-09-01', CURRENT_TIMESTAMP, CURRENT_TIMESTAMP), ('黄丽', '20220004', 18, '女', '数据科学与大数据技术', 'huangli@example.com', '13900139004', '2022-09-01', CURRENT_TIMESTAMP, CURRENT_TIMESTAMP), ('林峰', '20220005', 21, '男', '人工智能', 'linfeng@example.com', '13900139005', '2022-09-01', CURRENT_TIMESTAMP, CURRENT_TIMESTAMP) [42104-214]
	at org.springframework.jdbc.datasource.init.ScriptUtils.executeSqlScript(ScriptUtils.java:282)
	at org.springframework.jdbc.datasource.init.ResourceDatabasePopulator.populate(ResourceDatabasePopulator.java:254)
	at org.springframework.jdbc.datasource.init.DatabasePopulatorUtils.execute(DatabasePopulatorUtils.java:54)
	at org.springframework.boot.jdbc.init.DataSourceScriptDatabaseInitializer.runScripts(DataSourceScriptDatabaseInitializer.java:90)
	at org.springframework.boot.sql.init.AbstractScriptDatabaseInitializer.runScripts(AbstractScriptDatabaseInitializer.java:145)
	at org.springframework.boot.sql.init.AbstractScriptDatabaseInitializer.applyScripts(AbstractScriptDatabaseInitializer.java:107)
	at org.springframework.boot.sql.init.AbstractScriptDatabaseInitializer.applyDataScripts(AbstractScriptDatabaseInitializer.java:101)
	at org.springframework.boot.sql.init.AbstractScriptDatabaseInitializer.initializeDatabase(AbstractScriptDatabaseInitializer.java:76)
	at org.springframework.boot.sql.init.AbstractScriptDatabaseInitializer.afterPropertiesSet(AbstractScriptDatabaseInitializer.java:65)
	at org.springframework.beans.factory.support.AbstractAutowireCapableBeanFactory.invokeInitMethods(AbstractAutowireCapableBeanFactory.java:1863)
	at org.springframework.beans.factory.support.AbstractAutowireCapableBeanFactory.initializeBean(AbstractAutowireCapableBeanFactory.java:1800)
	... 18 common frames omitted
Caused by: org.h2.jdbc.JdbcSQLSyntaxErrorException: Table "STUDENTS" not found (this database is empty); SQL statement:
INSERT INTO students (name, student_number, age, gender, major, email, phone, enrollment_date, created_time, updated_time) VALUES ('张三', '20210001', 20, '男', '计算机科学与技术', 'zhangsan@example.com', '13800138001', '2021-09-01', CURRENT_TIMESTAMP, CURRENT_TIMESTAMP), ('李四', '20210002', 19, '女', '软件工程', 'lisi@example.com', '13800138002', '2021-09-01', CURRENT_TIMESTAMP, CURRENT_TIMESTAMP), ('王五', '20210003', 21, '男', '信息安全', 'wangwu@example.com', '13800138003', '2021-09-01', CURRENT_TIMESTAMP, CURRENT_TIMESTAMP), ('赵六', '20210004', 20, '女', '数据科学与大数据技术', 'zhaoliu@example.com', '13800138004', '2021-09-01', CURRENT_TIMESTAMP, CURRENT_TIMESTAMP), ('钱七', '20210005', 22, '男', '人工智能', 'qianqi@example.com', '13800138005', '2021-09-01', CURRENT_TIMESTAMP, CURRENT_TIMESTAMP), ('孙八', '20210006', 19, '女', '计算机科学与技术', 'sunba@example.com', '13800138006', '2021-09-01', CURRENT_TIMESTAMP, CURRENT_TIMESTAMP), ('周九', '20210007', 21, '男', '软件工程', 'zhoujiu@example.com', '13800138007', '2021-09-01', CURRENT_TIMESTAMP, CURRENT_TIMESTAMP), ('吴十', '20210008', 20, '女', '信息安全', 'wushi@example.com', '13800138008', '2021-09-01', CURRENT_TIMESTAMP, CURRENT_TIMESTAMP), ('郑十一', '20210009', 23, '男', '数据科学与大数据技术', 'zhengshiyi@example.com', '13800138009', '2021-09-01', CURRENT_TIMESTAMP, CURRENT_TIMESTAMP), ('王十二', '20210010', 19, '女', '人工智能', 'wangshier@example.com', '13800138010', '2021-09-01', CURRENT_TIMESTAMP, CURRENT_TIMESTAMP), ('刘明', '20220001', 18, '男', '计算机科学与技术', 'liuming@example.com', '13900139001', '2022-09-01', CURRENT_TIMESTAMP, CURRENT_TIMESTAMP), ('陈红', '20220002', 19, '女', '软件工程', 'chenhong@example.com', '13900139002', '2022-09-01', CURRENT_TIMESTAMP, CURRENT_TIMESTAMP), ('杨强', '20220003', 20, '男', '信息安全', 'yangqiang@example.com', '13900139003', '2022-09-01', CURRENT_TIMESTAMP, CURRENT_TIMESTAMP), ('黄丽', '20220004', 18, '女', '数据科学与大数据技术', 'huangli@example.com', '13900139004', '2022-09-01', CURRENT_TIMESTAMP, CURRENT_TIMESTAMP), ('林峰', '20220005', 21, '男', '人工智能', 'linfeng@example.com', '13900139005', '2022-09-01', CURRENT_TIMESTAMP, CURRENT_TIMESTAMP) [42104-214]
	at org.h2.message.DbException.getJdbcSQLException(DbException.java:502)
	at org.h2.message.DbException.getJdbcSQLException(DbException.java:477)
	at org.h2.message.DbException.get(DbException.java:223)
	at org.h2.message.DbException.get(DbException.java:199)
	at org.h2.command.Parser.getTableOrViewNotFoundDbException(Parser.java:8385)
	at org.h2.command.Parser.getTableOrViewNotFoundDbException(Parser.java:8369)
	at org.h2.command.Parser.readTableOrView(Parser.java:8358)
	at org.h2.command.Parser.readTableOrView(Parser.java:8328)
	at org.h2.command.Parser.parseInsert(Parser.java:1632)
	at org.h2.command.Parser.parsePrepared(Parser.java:814)
	at org.h2.command.Parser.parse(Parser.java:689)
	at org.h2.command.Parser.parse(Parser.java:661)
	at org.h2.command.Parser.prepareCommand(Parser.java:569)
	at org.h2.engine.SessionLocal.prepareLocal(SessionLocal.java:631)
	at org.h2.engine.SessionLocal.prepareCommand(SessionLocal.java:554)
	at org.h2.jdbc.JdbcConnection.prepareCommand(JdbcConnection.java:1116)
	at org.h2.jdbc.JdbcStatement.executeInternal(JdbcStatement.java:237)
	at org.h2.jdbc.JdbcStatement.execute(JdbcStatement.java:223)
	at com.zaxxer.hikari.pool.ProxyStatement.execute(ProxyStatement.java:94)
	at com.zaxxer.hikari.pool.HikariProxyStatement.execute(HikariProxyStatement.java)
	at org.springframework.jdbc.datasource.init.ScriptUtils.executeSqlScript(ScriptUtils.java:261)
	... 28 common frames omitted
2025-07-07 14:43:17 [main] INFO  c.e.s.StudentManagementApplication - Starting StudentManagementApplication using Java 18.0.1 on C-NJ-0303-0583deMacBook-Pro.local with PID 39249 (/Users/yuanjing/Desktop/Java_TODO/target/classes started by yuanjing in /Users/yuanjing/Desktop/Java_TODO)
2025-07-07 14:43:17 [main] DEBUG c.e.s.StudentManagementApplication - Running with Spring Boot v2.7.14, Spring v5.3.29
2025-07-07 14:43:17 [main] INFO  c.e.s.StudentManagementApplication - No active profile set, falling back to 1 default profile: "default"
2025-07-07 14:43:17 [main] INFO  o.s.d.r.c.RepositoryConfigurationDelegate - Bootstrapping Spring Data JPA repositories in DEFAULT mode.
2025-07-07 14:43:17 [main] INFO  o.s.d.r.c.RepositoryConfigurationDelegate - Finished Spring Data repository scanning in 11 ms. Found 1 JPA repository interfaces.
2025-07-07 14:43:17 [main] INFO  o.s.b.w.e.tomcat.TomcatWebServer - Tomcat initialized with port(s): 8080 (http)
2025-07-07 14:43:17 [main] INFO  o.a.catalina.core.StandardService - Starting service [Tomcat]
2025-07-07 14:43:17 [main] INFO  o.a.catalina.core.StandardEngine - Starting Servlet engine: [Apache Tomcat/9.0.78]
2025-07-07 14:43:17 [main] INFO  o.a.c.c.C.[Tomcat].[localhost].[/] - Initializing Spring embedded WebApplicationContext
2025-07-07 14:43:17 [main] INFO  o.s.b.w.s.c.ServletWebServerApplicationContext - Root WebApplicationContext: initialization completed in 367 ms
2025-07-07 14:43:17 [main] INFO  com.zaxxer.hikari.HikariDataSource - HikariPool-1 - Starting...
2025-07-07 14:43:18 [main] INFO  com.zaxxer.hikari.HikariDataSource - HikariPool-1 - Start completed.
2025-07-07 14:43:18 [main] INFO  o.s.b.a.h.H2ConsoleAutoConfiguration - H2 console available at '/h2-console'. Database available at 'jdbc:h2:mem:studentdb'
2025-07-07 14:43:18 [main] WARN  o.s.b.w.s.c.AnnotationConfigServletWebServerApplicationContext - Exception encountered during context initialization - cancelling refresh attempt: org.springframework.beans.factory.BeanCreationException: Error creating bean with name 'dataSourceScriptDatabaseInitializer' defined in class path resource [org/springframework/boot/autoconfigure/sql/init/DataSourceInitializationConfiguration.class]: Invocation of init method failed; nested exception is org.springframework.jdbc.datasource.init.ScriptStatementFailedException: Failed to execute SQL script statement #1 of URL [file:/Users/yuanjing/Desktop/Java_TODO/target/classes/data.sql]: INSERT INTO students (name, student_number, age, gender, major, email, phone, enrollment_date, created_time, updated_time) VALUES ('张三', '20210001', 20, '男', '计算机科学与技术', 'zhangsan@example.com', '13800138001', DATE '2021-09-01', CURRENT_TIMESTAMP(), CURRENT_TIMESTAMP()); nested exception is org.h2.jdbc.JdbcSQLSyntaxErrorException: Table "STUDENTS" not found (this database is empty); SQL statement:
INSERT INTO students (name, student_number, age, gender, major, email, phone, enrollment_date, created_time, updated_time) VALUES ('张三', '20210001', 20, '男', '计算机科学与技术', 'zhangsan@example.com', '13800138001', DATE '2021-09-01', CURRENT_TIMESTAMP(), CURRENT_TIMESTAMP()) [42104-214]
2025-07-07 14:43:18 [main] INFO  com.zaxxer.hikari.HikariDataSource - HikariPool-1 - Shutdown initiated...
2025-07-07 14:43:18 [main] INFO  com.zaxxer.hikari.HikariDataSource - HikariPool-1 - Shutdown completed.
2025-07-07 14:43:18 [main] INFO  o.a.catalina.core.StandardService - Stopping service [Tomcat]
2025-07-07 14:43:18 [main] INFO  o.s.b.a.l.ConditionEvaluationReportLoggingListener - 

Error starting ApplicationContext. To display the conditions report re-run your application with 'debug' enabled.
2025-07-07 14:43:18 [main] ERROR o.s.boot.SpringApplication - Application run failed
org.springframework.beans.factory.BeanCreationException: Error creating bean with name 'dataSourceScriptDatabaseInitializer' defined in class path resource [org/springframework/boot/autoconfigure/sql/init/DataSourceInitializationConfiguration.class]: Invocation of init method failed; nested exception is org.springframework.jdbc.datasource.init.ScriptStatementFailedException: Failed to execute SQL script statement #1 of URL [file:/Users/yuanjing/Desktop/Java_TODO/target/classes/data.sql]: INSERT INTO students (name, student_number, age, gender, major, email, phone, enrollment_date, created_time, updated_time) VALUES ('张三', '20210001', 20, '男', '计算机科学与技术', 'zhangsan@example.com', '13800138001', DATE '2021-09-01', CURRENT_TIMESTAMP(), CURRENT_TIMESTAMP()); nested exception is org.h2.jdbc.JdbcSQLSyntaxErrorException: Table "STUDENTS" not found (this database is empty); SQL statement:
INSERT INTO students (name, student_number, age, gender, major, email, phone, enrollment_date, created_time, updated_time) VALUES ('张三', '20210001', 20, '男', '计算机科学与技术', 'zhangsan@example.com', '13800138001', DATE '2021-09-01', CURRENT_TIMESTAMP(), CURRENT_TIMESTAMP()) [42104-214]
	at org.springframework.beans.factory.support.AbstractAutowireCapableBeanFactory.initializeBean(AbstractAutowireCapableBeanFactory.java:1804)
	at org.springframework.beans.factory.support.AbstractAutowireCapableBeanFactory.doCreateBean(AbstractAutowireCapableBeanFactory.java:620)
	at org.springframework.beans.factory.support.AbstractAutowireCapableBeanFactory.createBean(AbstractAutowireCapableBeanFactory.java:542)
	at org.springframework.beans.factory.support.AbstractBeanFactory.lambda$doGetBean$0(AbstractBeanFactory.java:335)
	at org.springframework.beans.factory.support.DefaultSingletonBeanRegistry.getSingleton(DefaultSingletonBeanRegistry.java:234)
	at org.springframework.beans.factory.support.AbstractBeanFactory.doGetBean(AbstractBeanFactory.java:333)
	at org.springframework.beans.factory.support.AbstractBeanFactory.getBean(AbstractBeanFactory.java:208)
	at org.springframework.beans.factory.support.AbstractBeanFactory.doGetBean(AbstractBeanFactory.java:322)
	at org.springframework.beans.factory.support.AbstractBeanFactory.getBean(AbstractBeanFactory.java:208)
	at org.springframework.context.support.AbstractApplicationContext.getBean(AbstractApplicationContext.java:1157)
	at org.springframework.context.support.AbstractApplicationContext.finishBeanFactoryInitialization(AbstractApplicationContext.java:911)
	at org.springframework.context.support.AbstractApplicationContext.refresh(AbstractApplicationContext.java:583)
	at org.springframework.boot.web.servlet.context.ServletWebServerApplicationContext.refresh(ServletWebServerApplicationContext.java:147)
	at org.springframework.boot.SpringApplication.refresh(SpringApplication.java:731)
	at org.springframework.boot.SpringApplication.refreshContext(SpringApplication.java:408)
	at org.springframework.boot.SpringApplication.run(SpringApplication.java:307)
	at org.springframework.boot.SpringApplication.run(SpringApplication.java:1303)
	at org.springframework.boot.SpringApplication.run(SpringApplication.java:1292)
	at com.example.studentmanagement.StudentManagementApplication.main(StudentManagementApplication.java:16)
Caused by: org.springframework.jdbc.datasource.init.ScriptStatementFailedException: Failed to execute SQL script statement #1 of URL [file:/Users/yuanjing/Desktop/Java_TODO/target/classes/data.sql]: INSERT INTO students (name, student_number, age, gender, major, email, phone, enrollment_date, created_time, updated_time) VALUES ('张三', '20210001', 20, '男', '计算机科学与技术', 'zhangsan@example.com', '13800138001', DATE '2021-09-01', CURRENT_TIMESTAMP(), CURRENT_TIMESTAMP()); nested exception is org.h2.jdbc.JdbcSQLSyntaxErrorException: Table "STUDENTS" not found (this database is empty); SQL statement:
INSERT INTO students (name, student_number, age, gender, major, email, phone, enrollment_date, created_time, updated_time) VALUES ('张三', '20210001', 20, '男', '计算机科学与技术', 'zhangsan@example.com', '13800138001', DATE '2021-09-01', CURRENT_TIMESTAMP(), CURRENT_TIMESTAMP()) [42104-214]
	at org.springframework.jdbc.datasource.init.ScriptUtils.executeSqlScript(ScriptUtils.java:282)
	at org.springframework.jdbc.datasource.init.ResourceDatabasePopulator.populate(ResourceDatabasePopulator.java:254)
	at org.springframework.jdbc.datasource.init.DatabasePopulatorUtils.execute(DatabasePopulatorUtils.java:54)
	at org.springframework.boot.jdbc.init.DataSourceScriptDatabaseInitializer.runScripts(DataSourceScriptDatabaseInitializer.java:90)
	at org.springframework.boot.sql.init.AbstractScriptDatabaseInitializer.runScripts(AbstractScriptDatabaseInitializer.java:145)
	at org.springframework.boot.sql.init.AbstractScriptDatabaseInitializer.applyScripts(AbstractScriptDatabaseInitializer.java:107)
	at org.springframework.boot.sql.init.AbstractScriptDatabaseInitializer.applyDataScripts(AbstractScriptDatabaseInitializer.java:101)
	at org.springframework.boot.sql.init.AbstractScriptDatabaseInitializer.initializeDatabase(AbstractScriptDatabaseInitializer.java:76)
	at org.springframework.boot.sql.init.AbstractScriptDatabaseInitializer.afterPropertiesSet(AbstractScriptDatabaseInitializer.java:65)
	at org.springframework.beans.factory.support.AbstractAutowireCapableBeanFactory.invokeInitMethods(AbstractAutowireCapableBeanFactory.java:1863)
	at org.springframework.beans.factory.support.AbstractAutowireCapableBeanFactory.initializeBean(AbstractAutowireCapableBeanFactory.java:1800)
	... 18 common frames omitted
Caused by: org.h2.jdbc.JdbcSQLSyntaxErrorException: Table "STUDENTS" not found (this database is empty); SQL statement:
INSERT INTO students (name, student_number, age, gender, major, email, phone, enrollment_date, created_time, updated_time) VALUES ('张三', '20210001', 20, '男', '计算机科学与技术', 'zhangsan@example.com', '13800138001', DATE '2021-09-01', CURRENT_TIMESTAMP(), CURRENT_TIMESTAMP()) [42104-214]
	at org.h2.message.DbException.getJdbcSQLException(DbException.java:502)
	at org.h2.message.DbException.getJdbcSQLException(DbException.java:477)
	at org.h2.message.DbException.get(DbException.java:223)
	at org.h2.message.DbException.get(DbException.java:199)
	at org.h2.command.Parser.getTableOrViewNotFoundDbException(Parser.java:8385)
	at org.h2.command.Parser.getTableOrViewNotFoundDbException(Parser.java:8369)
	at org.h2.command.Parser.readTableOrView(Parser.java:8358)
	at org.h2.command.Parser.readTableOrView(Parser.java:8328)
	at org.h2.command.Parser.parseInsert(Parser.java:1632)
	at org.h2.command.Parser.parsePrepared(Parser.java:814)
	at org.h2.command.Parser.parse(Parser.java:689)
	at org.h2.command.Parser.parse(Parser.java:661)
	at org.h2.command.Parser.prepareCommand(Parser.java:569)
	at org.h2.engine.SessionLocal.prepareLocal(SessionLocal.java:631)
	at org.h2.engine.SessionLocal.prepareCommand(SessionLocal.java:554)
	at org.h2.jdbc.JdbcConnection.prepareCommand(JdbcConnection.java:1116)
	at org.h2.jdbc.JdbcStatement.executeInternal(JdbcStatement.java:237)
	at org.h2.jdbc.JdbcStatement.execute(JdbcStatement.java:223)
	at com.zaxxer.hikari.pool.ProxyStatement.execute(ProxyStatement.java:94)
	at com.zaxxer.hikari.pool.HikariProxyStatement.execute(HikariProxyStatement.java)
	at org.springframework.jdbc.datasource.init.ScriptUtils.executeSqlScript(ScriptUtils.java:261)
	... 28 common frames omitted
2025-07-07 14:44:11 [main] INFO  c.e.s.StudentManagementApplication - Starting StudentManagementApplication using Java 18.0.1 on C-NJ-0303-0583deMacBook-Pro.local with PID 39903 (/Users/yuanjing/Desktop/Java_TODO/target/classes started by yuanjing in /Users/yuanjing/Desktop/Java_TODO)
2025-07-07 14:44:11 [main] DEBUG c.e.s.StudentManagementApplication - Running with Spring Boot v2.7.14, Spring v5.3.29
2025-07-07 14:44:11 [main] INFO  c.e.s.StudentManagementApplication - No active profile set, falling back to 1 default profile: "default"
2025-07-07 14:44:12 [main] INFO  o.s.d.r.c.RepositoryConfigurationDelegate - Bootstrapping Spring Data JPA repositories in DEFAULT mode.
2025-07-07 14:44:12 [main] INFO  o.s.d.r.c.RepositoryConfigurationDelegate - Finished Spring Data repository scanning in 11 ms. Found 1 JPA repository interfaces.
2025-07-07 14:44:12 [main] INFO  o.s.b.w.e.tomcat.TomcatWebServer - Tomcat initialized with port(s): 8080 (http)
2025-07-07 14:44:12 [main] INFO  o.a.catalina.core.StandardService - Starting service [Tomcat]
2025-07-07 14:44:12 [main] INFO  o.a.catalina.core.StandardEngine - Starting Servlet engine: [Apache Tomcat/9.0.78]
2025-07-07 14:44:12 [main] INFO  o.a.c.c.C.[Tomcat].[localhost].[/] - Initializing Spring embedded WebApplicationContext
2025-07-07 14:44:12 [main] INFO  o.s.b.w.s.c.ServletWebServerApplicationContext - Root WebApplicationContext: initialization completed in 372 ms
2025-07-07 14:44:12 [main] INFO  com.zaxxer.hikari.HikariDataSource - HikariPool-1 - Starting...
2025-07-07 14:44:12 [main] INFO  com.zaxxer.hikari.HikariDataSource - HikariPool-1 - Start completed.
2025-07-07 14:44:12 [main] INFO  o.s.b.a.h.H2ConsoleAutoConfiguration - H2 console available at '/h2-console'. Database available at 'jdbc:h2:mem:studentdb'
2025-07-07 14:44:12 [main] INFO  o.h.jpa.internal.util.LogHelper - HHH000204: Processing PersistenceUnitInfo [name: default]
2025-07-07 14:44:12 [main] INFO  org.hibernate.Version - HHH000412: Hibernate ORM core version 5.6.15.Final
2025-07-07 14:44:12 [main] INFO  o.h.annotations.common.Version - HCANN000001: Hibernate Commons Annotations {5.1.2.Final}
2025-07-07 14:44:12 [main] INFO  org.hibernate.dialect.Dialect - HHH000400: Using dialect: org.hibernate.dialect.H2Dialect
2025-07-07 14:44:12 [main] DEBUG org.hibernate.SQL - 
    
    drop table if exists students CASCADE 
2025-07-07 14:44:12 [main] DEBUG org.hibernate.SQL - 
    
    create table students (
       id bigint generated by default as identity,
        age integer not null check (age>=16 AND age<=30),
        created_time timestamp not null,
        email varchar(100),
        enrollment_date date,
        gender varchar(2) not null,
        major varchar(50) not null,
        name varchar(20) not null,
        phone varchar(11),
        student_number varchar(12) not null,
        updated_time timestamp,
        primary key (id)
    )
2025-07-07 14:44:12 [main] DEBUG org.hibernate.SQL - 
    
    alter table students 
       add constraint UK_h7gboo6v79gig1eo7lt1fubew unique (student_number)
2025-07-07 14:44:12 [main] INFO  o.h.e.t.j.p.i.JtaPlatformInitiator - HHH000490: Using JtaPlatform implementation: [org.hibernate.engine.transaction.jta.platform.internal.NoJtaPlatform]
2025-07-07 14:44:12 [main] INFO  o.s.o.j.LocalContainerEntityManagerFactoryBean - Initialized JPA EntityManagerFactory for persistence unit 'default'
2025-07-07 14:44:12 [main] DEBUG o.s.w.s.m.m.a.RequestMappingHandlerAdapter - ControllerAdvice beans: 0 @ModelAttribute, 0 @InitBinder, 1 RequestBodyAdvice, 1 ResponseBodyAdvice
2025-07-07 14:44:12 [main] INFO  o.s.b.a.w.s.WelcomePageHandlerMapping - Adding welcome page: class path resource [static/index.html]
2025-07-07 14:44:12 [main] DEBUG o.s.w.s.m.m.a.RequestMappingHandlerMapping - 14 mappings in 'requestMappingHandlerMapping'
2025-07-07 14:44:12 [main] DEBUG o.s.w.s.h.SimpleUrlHandlerMapping - Patterns [/webjars/**, /**] in 'resourceHandlerMapping'
2025-07-07 14:44:12 [main] DEBUG o.s.w.s.m.m.a.ExceptionHandlerExceptionResolver - ControllerAdvice beans: 1 @ExceptionHandler, 1 ResponseBodyAdvice
2025-07-07 14:44:13 [main] INFO  o.s.b.w.e.tomcat.TomcatWebServer - Tomcat started on port(s): 8080 (http) with context path ''
2025-07-07 14:44:13 [main] INFO  c.e.s.StudentManagementApplication - Started StudentManagementApplication in 1.183 seconds (JVM running for 1.28)
2025-07-07 14:44:15 [http-nio-8080-exec-1] INFO  o.a.c.c.C.[Tomcat].[localhost].[/] - Initializing Spring DispatcherServlet 'dispatcherServlet'
2025-07-07 14:44:15 [http-nio-8080-exec-1] INFO  o.s.web.servlet.DispatcherServlet - Initializing Servlet 'dispatcherServlet'
2025-07-07 14:44:15 [http-nio-8080-exec-1] DEBUG o.s.web.servlet.DispatcherServlet - Detected StandardServletMultipartResolver
2025-07-07 14:44:15 [http-nio-8080-exec-1] DEBUG o.s.web.servlet.DispatcherServlet - Detected AcceptHeaderLocaleResolver
2025-07-07 14:44:15 [http-nio-8080-exec-1] DEBUG o.s.web.servlet.DispatcherServlet - Detected FixedThemeResolver
2025-07-07 14:44:15 [http-nio-8080-exec-1] DEBUG o.s.web.servlet.DispatcherServlet - Detected org.springframework.web.servlet.view.DefaultRequestToViewNameTranslator@4c3d72fd
2025-07-07 14:44:15 [http-nio-8080-exec-1] DEBUG o.s.web.servlet.DispatcherServlet - Detected org.springframework.web.servlet.support.SessionFlashMapManager@432448
2025-07-07 14:44:15 [http-nio-8080-exec-1] DEBUG o.s.web.servlet.DispatcherServlet - enableLoggingRequestDetails='false': request parameters and headers will be masked to prevent unsafe logging of potentially sensitive data
2025-07-07 14:44:15 [http-nio-8080-exec-1] INFO  o.s.web.servlet.DispatcherServlet - Completed initialization in 1 ms
2025-07-07 14:44:15 [http-nio-8080-exec-1] DEBUG o.s.web.servlet.DispatcherServlet - GET "/", parameters={}
2025-07-07 14:44:15 [http-nio-8080-exec-1] DEBUG o.s.w.s.v.ContentNegotiatingViewResolver - Selected 'text/html' given [text/html, application/xhtml+xml, image/avif, image/webp, image/apng, application/xml;q=0.9, application/signed-exchange;v=b3;q=0.7, */*;q=0.8]
2025-07-07 14:44:15 [http-nio-8080-exec-1] DEBUG o.s.w.s.view.InternalResourceView - View name 'forward:', model {}
2025-07-07 14:44:15 [http-nio-8080-exec-1] DEBUG o.s.w.s.view.InternalResourceView - Forwarding to [index.html]
2025-07-07 14:44:15 [http-nio-8080-exec-1] DEBUG o.s.web.servlet.DispatcherServlet - "FORWARD" dispatch for GET "/index.html", parameters={}
2025-07-07 14:44:15 [http-nio-8080-exec-1] DEBUG o.s.w.s.h.SimpleUrlHandlerMapping - Mapped to ResourceHttpRequestHandler [classpath [META-INF/resources/], classpath [resources/], classpath [static/], classpath [public/], ServletContext [/]]
2025-07-07 14:44:15 [http-nio-8080-exec-1] DEBUG o.s.web.servlet.DispatcherServlet - Exiting from "FORWARD" dispatch, status 200
2025-07-07 14:44:15 [http-nio-8080-exec-1] DEBUG o.s.web.servlet.DispatcherServlet - Completed 200 OK
2025-07-07 14:44:15 [http-nio-8080-exec-3] DEBUG o.s.web.servlet.DispatcherServlet - GET "/api/students/statistics", parameters={}
2025-07-07 14:44:15 [http-nio-8080-exec-2] DEBUG o.s.web.servlet.DispatcherServlet - GET "/api/students", parameters={}
2025-07-07 14:44:15 [http-nio-8080-exec-3] DEBUG o.s.w.s.m.m.a.RequestMappingHandlerMapping - Mapped to com.example.studentmanagement.controller.StudentController#getStudentStatistics()
2025-07-07 14:44:15 [http-nio-8080-exec-2] DEBUG o.s.w.s.m.m.a.RequestMappingHandlerMapping - Mapped to com.example.studentmanagement.controller.StudentController#getAllStudents()
2025-07-07 14:44:15 [http-nio-8080-exec-3] DEBUG org.hibernate.SQL - 
    /* select
        count(*) 
    from
        Student x */ select
            count(*) as col_0_0_ 
        from
            students student0_
2025-07-07 14:44:15 [http-nio-8080-exec-2] DEBUG org.hibernate.SQL - 
    /* select
        generatedAlias0 
    from
        Student as generatedAlias0 */ select
            student0_.id as id1_0_,
            student0_.age as age2_0_,
            student0_.created_time as created_3_0_,
            student0_.email as email4_0_,
            student0_.enrollment_date as enrollme5_0_,
            student0_.gender as gender6_0_,
            student0_.major as major7_0_,
            student0_.name as name8_0_,
            student0_.phone as phone9_0_,
            student0_.student_number as student10_0_,
            student0_.updated_time as updated11_0_ 
        from
            students student0_
2025-07-07 14:44:15 [http-nio-8080-exec-4] DEBUG o.s.web.servlet.DispatcherServlet - GET "/favicon.ico", parameters={}
2025-07-07 14:44:15 [http-nio-8080-exec-4] DEBUG o.s.w.s.h.SimpleUrlHandlerMapping - Mapped to ResourceHttpRequestHandler [classpath [META-INF/resources/], classpath [resources/], classpath [static/], classpath [public/], ServletContext [/]]
2025-07-07 14:44:15 [http-nio-8080-exec-4] DEBUG o.s.w.s.r.ResourceHttpRequestHandler - Resource not found
2025-07-07 14:44:15 [http-nio-8080-exec-4] DEBUG o.s.web.servlet.DispatcherServlet - Completed 404 NOT_FOUND
2025-07-07 14:44:15 [http-nio-8080-exec-4] DEBUG o.s.web.servlet.DispatcherServlet - "ERROR" dispatch for GET "/error", parameters={}
2025-07-07 14:44:15 [http-nio-8080-exec-4] DEBUG o.s.w.s.m.m.a.RequestMappingHandlerMapping - Mapped to org.springframework.boot.autoconfigure.web.servlet.error.BasicErrorController#error(HttpServletRequest)
2025-07-07 14:44:15 [http-nio-8080-exec-3] DEBUG org.hibernate.SQL - 
    /* SELECT
        s.major,
        COUNT(s) 
    FROM
        Student s 
    GROUP BY
        s.major */ select
            student0_.major as col_0_0_,
            count(student0_.id) as col_1_0_ 
        from
            students student0_ 
        group by
            student0_.major
2025-07-07 14:44:15 [http-nio-8080-exec-3] DEBUG org.hibernate.SQL - 
    /* SELECT
        s.gender,
        COUNT(s) 
    FROM
        Student s 
    GROUP BY
        s.gender */ select
            student0_.gender as col_0_0_,
            count(student0_.id) as col_1_0_ 
        from
            students student0_ 
        group by
            student0_.gender
2025-07-07 14:44:15 [http-nio-8080-exec-4] DEBUG o.s.w.s.m.m.a.HttpEntityMethodProcessor - Using 'application/json;q=0.8', given [image/avif, image/webp, image/apng, image/svg+xml, image/*, */*;q=0.8] and supported [application/json, application/*+json, application/json, application/*+json]
2025-07-07 14:44:15 [http-nio-8080-exec-4] DEBUG o.s.w.s.m.m.a.HttpEntityMethodProcessor - Writing [{timestamp=Mon Jul 07 14:44:15 CST 2025, status=404, error=Not Found, path=/favicon.ico}]
2025-07-07 14:44:15 [http-nio-8080-exec-3] DEBUG o.s.w.s.m.m.a.HttpEntityMethodProcessor - Using 'application/json', given [*/*] and supported [application/json, application/*+json, application/json, application/*+json]
2025-07-07 14:44:15 [http-nio-8080-exec-2] DEBUG o.s.w.s.m.m.a.HttpEntityMethodProcessor - Using 'application/json', given [*/*] and supported [application/json, application/*+json, application/json, application/*+json]
2025-07-07 14:44:15 [http-nio-8080-exec-4] DEBUG o.s.web.servlet.DispatcherServlet - Exiting from "ERROR" dispatch, status 404
2025-07-07 14:44:15 [http-nio-8080-exec-3] DEBUG o.s.w.s.m.m.a.HttpEntityMethodProcessor - Writing [ApiResponse{code=200, message='获取统计信息成功', data={countByMajor={人工智能=2, 信息安全=2, 软件工程=2, 数据科学与大数据技术=2,  (truncated)...]
2025-07-07 14:44:15 [http-nio-8080-exec-3] DEBUG o.s.web.servlet.DispatcherServlet - Completed 200 OK
2025-07-07 14:44:15 [http-nio-8080-exec-2] DEBUG o.s.w.s.m.m.a.HttpEntityMethodProcessor - Writing [ApiResponse{code=200, message='获取学生列表成功', data=[StudentDTO{id=1, name='张三', studentNumber='20210001' (truncated)...]
2025-07-07 14:44:15 [http-nio-8080-exec-2] DEBUG o.s.web.servlet.DispatcherServlet - Completed 200 OK
2025-07-07 14:44:44 [http-nio-8080-exec-5] DEBUG o.s.web.servlet.DispatcherServlet - POST "/api/students", parameters={}
2025-07-07 14:44:44 [http-nio-8080-exec-5] DEBUG o.s.w.s.m.m.a.RequestMappingHandlerMapping - Mapped to com.example.studentmanagement.controller.StudentController#createStudent(StudentDTO)
2025-07-07 14:44:44 [http-nio-8080-exec-5] DEBUG o.s.w.s.m.m.a.RequestResponseBodyMethodProcessor - Read "application/json;charset=UTF-8" to [StudentDTO{id=null, name='HanChn', studentNumber='12345678', age=17, gender='男', major='计算机科学与技术', e (truncated)...]
2025-07-07 14:44:44 [http-nio-8080-exec-5] DEBUG org.hibernate.SQL - 
    /* select
        generatedAlias0.id 
    from
        Student as generatedAlias0 
    where
        generatedAlias0.studentNumber=:param0 */ select
            student0_.id as col_0_0_ 
        from
            students student0_ 
        where
            student0_.student_number=? limit ?
2025-07-07 14:44:44 [http-nio-8080-exec-5] TRACE o.h.type.descriptor.sql.BasicBinder - binding parameter [1] as [VARCHAR] - [12345678]
2025-07-07 14:44:44 [http-nio-8080-exec-5] DEBUG org.hibernate.SQL - 
    /* insert com.example.studentmanagement.entity.Student
        */ insert 
        into
            students
            (id, age, created_time, email, enrollment_date, gender, major, name, phone, student_number, updated_time) 
        values
            (default, ?, ?, ?, ?, ?, ?, ?, ?, ?, ?)
2025-07-07 14:44:44 [http-nio-8080-exec-5] TRACE o.h.type.descriptor.sql.BasicBinder - binding parameter [1] as [INTEGER] - [17]
2025-07-07 14:44:44 [http-nio-8080-exec-5] TRACE o.h.type.descriptor.sql.BasicBinder - binding parameter [2] as [TIMESTAMP] - [2025-07-07T14:44:44.215685]
2025-07-07 14:44:44 [http-nio-8080-exec-5] TRACE o.h.type.descriptor.sql.BasicBinder - binding parameter [3] as [VARCHAR] - [internet@kapeixi.com]
2025-07-07 14:44:44 [http-nio-8080-exec-5] TRACE o.h.type.descriptor.sql.BasicBinder - binding parameter [4] as [DATE] - [2025-07-07]
2025-07-07 14:44:44 [http-nio-8080-exec-5] TRACE o.h.type.descriptor.sql.BasicBinder - binding parameter [5] as [VARCHAR] - [男]
2025-07-07 14:44:44 [http-nio-8080-exec-5] TRACE o.h.type.descriptor.sql.BasicBinder - binding parameter [6] as [VARCHAR] - [计算机科学与技术]
2025-07-07 14:44:44 [http-nio-8080-exec-5] TRACE o.h.type.descriptor.sql.BasicBinder - binding parameter [7] as [VARCHAR] - [HanChn]
2025-07-07 14:44:44 [http-nio-8080-exec-5] TRACE o.h.type.descriptor.sql.BasicBinder - binding parameter [8] as [VARCHAR] - [13082540200]
2025-07-07 14:44:44 [http-nio-8080-exec-5] TRACE o.h.type.descriptor.sql.BasicBinder - binding parameter [9] as [VARCHAR] - [12345678]
2025-07-07 14:44:44 [http-nio-8080-exec-5] TRACE o.h.type.descriptor.sql.BasicBinder - binding parameter [10] as [TIMESTAMP] - [2025-07-07T14:44:44.215698]
2025-07-07 14:44:44 [http-nio-8080-exec-5] DEBUG o.s.w.s.m.m.a.HttpEntityMethodProcessor - Using 'application/json', given [*/*] and supported [application/json, application/*+json, application/json, application/*+json]
2025-07-07 14:44:44 [http-nio-8080-exec-5] DEBUG o.s.w.s.m.m.a.HttpEntityMethodProcessor - Writing [ApiResponse{code=200, message='学生创建成功', data=StudentDTO{id=11, name='HanChn', studentNumber='1234567 (truncated)...]
2025-07-07 14:44:44 [http-nio-8080-exec-5] DEBUG o.s.web.servlet.DispatcherServlet - Completed 201 CREATED
2025-07-07 14:44:44 [http-nio-8080-exec-6] DEBUG o.s.web.servlet.DispatcherServlet - GET "/api/students", parameters={}
2025-07-07 14:44:44 [http-nio-8080-exec-7] DEBUG o.s.web.servlet.DispatcherServlet - GET "/api/students/statistics", parameters={}
2025-07-07 14:44:44 [http-nio-8080-exec-6] DEBUG o.s.w.s.m.m.a.RequestMappingHandlerMapping - Mapped to com.example.studentmanagement.controller.StudentController#getAllStudents()
2025-07-07 14:44:44 [http-nio-8080-exec-7] DEBUG o.s.w.s.m.m.a.RequestMappingHandlerMapping - Mapped to com.example.studentmanagement.controller.StudentController#getStudentStatistics()
2025-07-07 14:44:44 [http-nio-8080-exec-7] DEBUG org.hibernate.SQL - 
    /* select
        count(*) 
    from
        Student x */ select
            count(*) as col_0_0_ 
        from
            students student0_
2025-07-07 14:44:44 [http-nio-8080-exec-6] DEBUG org.hibernate.SQL - 
    /* select
        generatedAlias0 
    from
        Student as generatedAlias0 */ select
            student0_.id as id1_0_,
            student0_.age as age2_0_,
            student0_.created_time as created_3_0_,
            student0_.email as email4_0_,
            student0_.enrollment_date as enrollme5_0_,
            student0_.gender as gender6_0_,
            student0_.major as major7_0_,
            student0_.name as name8_0_,
            student0_.phone as phone9_0_,
            student0_.student_number as student10_0_,
            student0_.updated_time as updated11_0_ 
        from
            students student0_
2025-07-07 14:44:44 [http-nio-8080-exec-7] DEBUG org.hibernate.SQL - 
    /* SELECT
        s.major,
        COUNT(s) 
    FROM
        Student s 
    GROUP BY
        s.major */ select
            student0_.major as col_0_0_,
            count(student0_.id) as col_1_0_ 
        from
            students student0_ 
        group by
            student0_.major
2025-07-07 14:44:44 [http-nio-8080-exec-7] DEBUG org.hibernate.SQL - 
    /* SELECT
        s.gender,
        COUNT(s) 
    FROM
        Student s 
    GROUP BY
        s.gender */ select
            student0_.gender as col_0_0_,
            count(student0_.id) as col_1_0_ 
        from
            students student0_ 
        group by
            student0_.gender
2025-07-07 14:44:44 [http-nio-8080-exec-7] DEBUG o.s.w.s.m.m.a.HttpEntityMethodProcessor - Using 'application/json', given [*/*] and supported [application/json, application/*+json, application/json, application/*+json]
2025-07-07 14:44:44 [http-nio-8080-exec-7] DEBUG o.s.w.s.m.m.a.HttpEntityMethodProcessor - Writing [ApiResponse{code=200, message='获取统计信息成功', data={countByMajor={人工智能=2, 信息安全=2, 软件工程=2, 数据科学与大数据技术=2,  (truncated)...]
2025-07-07 14:44:44 [http-nio-8080-exec-6] DEBUG o.s.w.s.m.m.a.HttpEntityMethodProcessor - Using 'application/json', given [*/*] and supported [application/json, application/*+json, application/json, application/*+json]
2025-07-07 14:44:44 [http-nio-8080-exec-7] DEBUG o.s.web.servlet.DispatcherServlet - Completed 200 OK
2025-07-07 14:44:44 [http-nio-8080-exec-6] DEBUG o.s.w.s.m.m.a.HttpEntityMethodProcessor - Writing [ApiResponse{code=200, message='获取学生列表成功', data=[StudentDTO{id=1, name='张三', studentNumber='20210001' (truncated)...]
2025-07-07 14:44:44 [http-nio-8080-exec-6] DEBUG o.s.web.servlet.DispatcherServlet - Completed 200 OK
2025-07-07 14:44:48 [http-nio-8080-exec-8] DEBUG o.s.web.servlet.DispatcherServlet - GET "/", parameters={}
2025-07-07 14:44:48 [http-nio-8080-exec-8] DEBUG o.s.w.s.v.ContentNegotiatingViewResolver - Selected 'text/html' given [text/html, application/xhtml+xml, image/avif, image/webp, image/apng, application/xml;q=0.9, application/signed-exchange;v=b3;q=0.7, */*;q=0.8]
2025-07-07 14:44:48 [http-nio-8080-exec-8] DEBUG o.s.w.s.view.InternalResourceView - View name 'forward:', model {}
2025-07-07 14:44:48 [http-nio-8080-exec-8] DEBUG o.s.w.s.view.InternalResourceView - Forwarding to [index.html]
2025-07-07 14:44:48 [http-nio-8080-exec-8] DEBUG o.s.web.servlet.DispatcherServlet - "FORWARD" dispatch for GET "/index.html", parameters={}
2025-07-07 14:44:48 [http-nio-8080-exec-8] DEBUG o.s.w.s.h.SimpleUrlHandlerMapping - Mapped to ResourceHttpRequestHandler [classpath [META-INF/resources/], classpath [resources/], classpath [static/], classpath [public/], ServletContext [/]]
2025-07-07 14:44:48 [http-nio-8080-exec-8] DEBUG o.s.web.servlet.DispatcherServlet - Exiting from "FORWARD" dispatch, status 304
2025-07-07 14:44:48 [http-nio-8080-exec-8] DEBUG o.s.web.servlet.DispatcherServlet - Completed 304 NOT_MODIFIED
2025-07-07 14:44:48 [http-nio-8080-exec-9] DEBUG o.s.web.servlet.DispatcherServlet - GET "/api/students", parameters={}
2025-07-07 14:44:48 [http-nio-8080-exec-10] DEBUG o.s.web.servlet.DispatcherServlet - GET "/api/students/statistics", parameters={}
2025-07-07 14:44:48 [http-nio-8080-exec-9] DEBUG o.s.w.s.m.m.a.RequestMappingHandlerMapping - Mapped to com.example.studentmanagement.controller.StudentController#getAllStudents()
2025-07-07 14:44:48 [http-nio-8080-exec-10] DEBUG o.s.w.s.m.m.a.RequestMappingHandlerMapping - Mapped to com.example.studentmanagement.controller.StudentController#getStudentStatistics()
2025-07-07 14:44:48 [http-nio-8080-exec-10] DEBUG org.hibernate.SQL - 
    /* select
        count(*) 
    from
        Student x */ select
            count(*) as col_0_0_ 
        from
            students student0_
2025-07-07 14:44:48 [http-nio-8080-exec-9] DEBUG org.hibernate.SQL - 
    /* select
        generatedAlias0 
    from
        Student as generatedAlias0 */ select
            student0_.id as id1_0_,
            student0_.age as age2_0_,
            student0_.created_time as created_3_0_,
            student0_.email as email4_0_,
            student0_.enrollment_date as enrollme5_0_,
            student0_.gender as gender6_0_,
            student0_.major as major7_0_,
            student0_.name as name8_0_,
            student0_.phone as phone9_0_,
            student0_.student_number as student10_0_,
            student0_.updated_time as updated11_0_ 
        from
            students student0_
2025-07-07 14:44:48 [http-nio-8080-exec-10] DEBUG org.hibernate.SQL - 
    /* SELECT
        s.major,
        COUNT(s) 
    FROM
        Student s 
    GROUP BY
        s.major */ select
            student0_.major as col_0_0_,
            count(student0_.id) as col_1_0_ 
        from
            students student0_ 
        group by
            student0_.major
2025-07-07 14:44:48 [http-nio-8080-exec-10] DEBUG org.hibernate.SQL - 
    /* SELECT
        s.gender,
        COUNT(s) 
    FROM
        Student s 
    GROUP BY
        s.gender */ select
            student0_.gender as col_0_0_,
            count(student0_.id) as col_1_0_ 
        from
            students student0_ 
        group by
            student0_.gender
2025-07-07 14:44:48 [http-nio-8080-exec-9] DEBUG o.s.w.s.m.m.a.HttpEntityMethodProcessor - Using 'application/json', given [*/*] and supported [application/json, application/*+json, application/json, application/*+json]
2025-07-07 14:44:48 [http-nio-8080-exec-9] DEBUG o.s.w.s.m.m.a.HttpEntityMethodProcessor - Writing [ApiResponse{code=200, message='获取学生列表成功', data=[StudentDTO{id=1, name='张三', studentNumber='20210001' (truncated)...]
2025-07-07 14:44:48 [http-nio-8080-exec-10] DEBUG o.s.w.s.m.m.a.HttpEntityMethodProcessor - Using 'application/json', given [*/*] and supported [application/json, application/*+json, application/json, application/*+json]
2025-07-07 14:44:48 [http-nio-8080-exec-9] DEBUG o.s.web.servlet.DispatcherServlet - Completed 200 OK
2025-07-07 14:44:48 [http-nio-8080-exec-10] DEBUG o.s.w.s.m.m.a.HttpEntityMethodProcessor - Writing [ApiResponse{code=200, message='获取统计信息成功', data={countByMajor={人工智能=2, 信息安全=2, 软件工程=2, 数据科学与大数据技术=2,  (truncated)...]
2025-07-07 14:44:48 [http-nio-8080-exec-10] DEBUG o.s.web.servlet.DispatcherServlet - Completed 200 OK
